2020-07-26 06:20:12 Notice: Notice (8): Unknown: Retrying PLAIN authentication after [AUTHENTICATIONFAILED] Invalid credentials (Failure) (errflg=1) in [Unknown, line 0]
Request URL: /pages/generateEmail
Trace:
Cake\Error\BaseErrorHandler::handleError() - CORE/src/Error/BaseErrorHandler.php, line 168
Cake\Core\BasePlugin::{closure}() - ROOT/vendor/cakephp/debug_kit/config/bootstrap.php, line 43
[main] - [internal], line ??



2020-07-26 06:20:12 Notice: Notice (8): Unknown: Retrying PLAIN authentication after [AUTHENTICATIONFAILED] Invalid credentials (Failure) (errflg=1) in [Unknown, line 0]
Request URL: /pages/generateEmail
Trace:
Cake\Error\BaseErrorHandler::handleError() - CORE/src/Error/BaseErrorHandler.php, line 168
Cake\Core\BasePlugin::{closure}() - ROOT/vendor/cakephp/debug_kit/config/bootstrap.php, line 43
[main] - [internal], line ??



2020-07-26 06:20:12 Notice: Notice (8): Unknown: Can not authenticate to IMAP server: [AUTHENTICATIONFAILED] Invalid credentials (Failure) (errflg=2) in [Unknown, line 0]
Request URL: /pages/generateEmail
Trace:
Cake\Error\BaseErrorHandler::handleError() - CORE/src/Error/BaseErrorHandler.php, line 168
Cake\Core\BasePlugin::{closure}() - ROOT/vendor/cakephp/debug_kit/config/bootstrap.php, line 43
[main] - [internal], line ??



2020-07-26 06:26:15 Notice: Notice (8): Unknown: Retrying PLAIN authentication after [AUTHENTICATIONFAILED] Invalid credentials (Failure) (errflg=1) in [Unknown, line 0]
Request URL: /pages/generateEmail
Trace:
Cake\Error\BaseErrorHandler::handleError() - CORE/src/Error/BaseErrorHandler.php, line 168
Cake\Core\BasePlugin::{closure}() - ROOT/vendor/cakephp/debug_kit/config/bootstrap.php, line 43
[main] - [internal], line ??



2020-07-26 06:26:15 Notice: Notice (8): Unknown: Retrying PLAIN authentication after [AUTHENTICATIONFAILED] Invalid credentials (Failure) (errflg=1) in [Unknown, line 0]
Request URL: /pages/generateEmail
Trace:
Cake\Error\BaseErrorHandler::handleError() - CORE/src/Error/BaseErrorHandler.php, line 168
Cake\Core\BasePlugin::{closure}() - ROOT/vendor/cakephp/debug_kit/config/bootstrap.php, line 43
[main] - [internal], line ??



2020-07-26 06:26:15 Notice: Notice (8): Unknown: Can not authenticate to IMAP server: [AUTHENTICATIONFAILED] Invalid credentials (Failure) (errflg=2) in [Unknown, line 0]
Request URL: /pages/generateEmail
Trace:
Cake\Error\BaseErrorHandler::handleError() - CORE/src/Error/BaseErrorHandler.php, line 168
Cake\Core\BasePlugin::{closure}() - ROOT/vendor/cakephp/debug_kit/config/bootstrap.php, line 43
[main] - [internal], line ??



2020-07-26 06:26:51 Notice: Notice (8): Unknown: Retrying PLAIN authentication after [AUTHENTICATIONFAILED] Invalid credentials (Failure) (errflg=1) in [Unknown, line 0]
Request URL: /pages/generateEmail
Trace:
Cake\Error\BaseErrorHandler::handleError() - CORE/src/Error/BaseErrorHandler.php, line 168
Cake\Core\BasePlugin::{closure}() - ROOT/vendor/cakephp/debug_kit/config/bootstrap.php, line 43
[main] - [internal], line ??



2020-07-26 06:26:51 Notice: Notice (8): Unknown: Retrying PLAIN authentication after [AUTHENTICATIONFAILED] Invalid credentials (Failure) (errflg=1) in [Unknown, line 0]
Request URL: /pages/generateEmail
Trace:
Cake\Error\BaseErrorHandler::handleError() - CORE/src/Error/BaseErrorHandler.php, line 168
Cake\Core\BasePlugin::{closure}() - ROOT/vendor/cakephp/debug_kit/config/bootstrap.php, line 43
[main] - [internal], line ??



2020-07-26 06:26:51 Notice: Notice (8): Unknown: Can not authenticate to IMAP server: [AUTHENTICATIONFAILED] Invalid credentials (Failure) (errflg=2) in [Unknown, line 0]
Request URL: /pages/generateEmail
Trace:
Cake\Error\BaseErrorHandler::handleError() - CORE/src/Error/BaseErrorHandler.php, line 168
Cake\Core\BasePlugin::{closure}() - ROOT/vendor/cakephp/debug_kit/config/bootstrap.php, line 43
[main] - [internal], line ??



2020-07-26 06:51:14 Notice: Notice (8): Unknown: Retrying PLAIN authentication after [AUTHENTICATIONFAILED] Invalid credentials (Failure) (errflg=1) in [Unknown, line 0]
Request URL: /fetch-emails
Trace:
Cake\Error\BaseErrorHandler::handleError() - CORE/src/Error/BaseErrorHandler.php, line 168
Cake\Core\BasePlugin::{closure}() - ROOT/vendor/cakephp/debug_kit/config/bootstrap.php, line 43
[main] - [internal], line ??



2020-07-26 06:51:14 Notice: Notice (8): Unknown: Retrying PLAIN authentication after [AUTHENTICATIONFAILED] Invalid credentials (Failure) (errflg=1) in [Unknown, line 0]
Request URL: /fetch-emails
Trace:
Cake\Error\BaseErrorHandler::handleError() - CORE/src/Error/BaseErrorHandler.php, line 168
Cake\Core\BasePlugin::{closure}() - ROOT/vendor/cakephp/debug_kit/config/bootstrap.php, line 43
[main] - [internal], line ??



2020-07-26 06:51:14 Notice: Notice (8): Unknown: Can not authenticate to IMAP server: [AUTHENTICATIONFAILED] Invalid credentials (Failure) (errflg=2) in [Unknown, line 0]
Request URL: /fetch-emails
Trace:
Cake\Error\BaseErrorHandler::handleError() - CORE/src/Error/BaseErrorHandler.php, line 168
Cake\Core\BasePlugin::{closure}() - ROOT/vendor/cakephp/debug_kit/config/bootstrap.php, line 43
[main] - [internal], line ??



2020-07-26 06:52:13 Notice: Notice (8): Unknown: Retrying PLAIN authentication after [AUTHENTICATIONFAILED] Invalid credentials (Failure) (errflg=1) in [Unknown, line 0]
Request URL: /fetch-emails
Trace:
Cake\Error\BaseErrorHandler::handleError() - CORE/src/Error/BaseErrorHandler.php, line 168
Cake\Core\BasePlugin::{closure}() - ROOT/vendor/cakephp/debug_kit/config/bootstrap.php, line 43
[main] - [internal], line ??



2020-07-26 06:52:13 Notice: Notice (8): Unknown: Retrying PLAIN authentication after [AUTHENTICATIONFAILED] Invalid credentials (Failure) (errflg=1) in [Unknown, line 0]
Request URL: /fetch-emails
Trace:
Cake\Error\BaseErrorHandler::handleError() - CORE/src/Error/BaseErrorHandler.php, line 168
Cake\Core\BasePlugin::{closure}() - ROOT/vendor/cakephp/debug_kit/config/bootstrap.php, line 43
[main] - [internal], line ??



2020-07-26 06:52:13 Notice: Notice (8): Unknown: Can not authenticate to IMAP server: [AUTHENTICATIONFAILED] Invalid credentials (Failure) (errflg=2) in [Unknown, line 0]
Request URL: /fetch-emails
Trace:
Cake\Error\BaseErrorHandler::handleError() - CORE/src/Error/BaseErrorHandler.php, line 168
Cake\Core\BasePlugin::{closure}() - ROOT/vendor/cakephp/debug_kit/config/bootstrap.php, line 43
[main] - [internal], line ??



2020-07-26 06:52:53 Notice: Notice (8): Unknown: Retrying PLAIN authentication after [AUTHENTICATIONFAILED] Invalid credentials (Failure) (errflg=1) in [Unknown, line 0]
Request URL: /fetch-emails
Trace:
Cake\Error\BaseErrorHandler::handleError() - CORE/src/Error/BaseErrorHandler.php, line 168
Cake\Core\BasePlugin::{closure}() - ROOT/vendor/cakephp/debug_kit/config/bootstrap.php, line 43
[main] - [internal], line ??



2020-07-26 06:52:53 Notice: Notice (8): Unknown: Retrying PLAIN authentication after [AUTHENTICATIONFAILED] Invalid credentials (Failure) (errflg=1) in [Unknown, line 0]
Request URL: /fetch-emails
Trace:
Cake\Error\BaseErrorHandler::handleError() - CORE/src/Error/BaseErrorHandler.php, line 168
Cake\Core\BasePlugin::{closure}() - ROOT/vendor/cakephp/debug_kit/config/bootstrap.php, line 43
[main] - [internal], line ??



2020-07-26 06:52:53 Notice: Notice (8): Unknown: Can not authenticate to IMAP server: [AUTHENTICATIONFAILED] Invalid credentials (Failure) (errflg=2) in [Unknown, line 0]
Request URL: /fetch-emails
Trace:
Cake\Error\BaseErrorHandler::handleError() - CORE/src/Error/BaseErrorHandler.php, line 168
Cake\Core\BasePlugin::{closure}() - ROOT/vendor/cakephp/debug_kit/config/bootstrap.php, line 43
[main] - [internal], line ??



